# JRE version: OpenJDK Runtime Environment JBR-17.0.11+1-1207.24-jcef (17.0.11+1) (build 17.0.11+1-b1207.24)
# Java VM: OpenJDK 64-Bit Server VM JBR-17.0.11+1-1207.24-jcef (17.0.11+1-b1207.24, mixed mode, tiered, compressed oops, compressed class ptrs, g1 gc, windows-amd64)
GC Precious Log:
 CPUs: 12 total, 12 available
 Memory: 16163M
 Large Page Support: Disabled
 NUMA Support: Disabled
 Compressed Oops: Enabled (32-bit)
 Heap Region Size: 1M
 Heap Min Capacity: 128M
 Heap Initial Capacity: 128M
 Heap Max Capacity: 2G
 Pre-touch: Disabled
 Parallel Workers: 10
 Concurrent Workers: 3
 Concurrent Refinement Workers: 10
 Periodic GC: Disabled
Heap:
 garbage-first heap   total 418816K, used 246460K [0x0000000080000000, 0x0000000100000000)
  region size 1024K, 4 young (4096K), 4 survivors (4096K)
 Metaspace       used 44037K, committed 44352K, reserved 1114112K
  class space    used 4918K, committed 5056K, reserved 1048576K
GC Heap History (20 events):
Event: 1.284 GC heap after
{Heap after GC invocations=4 (full 0):
 garbage-first heap   total 131072K, used 14965K [0x0000000080000000, 0x0000000100000000)
  region size 1024K, 6 young (6144K), 6 survivors (6144K)
 Metaspace       used 35834K, committed 36096K, reserved 1114112K
  class space    used 3997K, committed 4160K, reserved 1048576K
}
Event: 1.850 GC heap before
{Heap before GC invocations=5 (full 0):
 garbage-first heap   total 162816K, used 151157K [0x0000000080000000, 0x0000000100000000)
  region size 1024K, 31 young (31744K), 6 survivors (6144K)
 Metaspace       used 42336K, committed 42688K, reserved 1114112K
  class space    used 4782K, committed 4928K, reserved 1048576K
}
Event: 1.869 GC heap after
{Heap after GC invocations=6 (full 0):
 garbage-first heap   total 164864K, used 51494K [0x0000000080000000, 0x0000000100000000)
  region size 1024K, 10 young (10240K), 10 survivors (10240K)
 Metaspace       used 42336K, committed 42688K, reserved 1114112K
  class space    used 4782K, committed 4928K, reserved 1048576K
}
Event: 1.874 GC heap before
{Heap before GC invocations=6 (full 0):
 garbage-first heap   total 164864K, used 52518K [0x0000000080000000, 0x0000000100000000)
  region size 1024K, 11 young (11264K), 10 survivors (10240K)
 Metaspace       used 42336K, committed 42688K, reserved 1114112K
  class space    used 4782K, committed 4928K, reserved 1048576K
}
Event: 1.882 GC heap after
{Heap after GC invocations=7 (full 0):
 garbage-first heap   total 164864K, used 52164K [0x0000000080000000, 0x0000000100000000)
  region size 1024K, 2 young (2048K), 2 survivors (2048K)
 Metaspace       used 42336K, committed 42688K, reserved 1114112K
  class space    used 4782K, committed 4928K, reserved 1048576K
}
Event: 2.273 GC heap before
{Heap before GC invocations=7 (full 0):
 garbage-first heap   total 164864K, used 131012K [0x0000000080000000, 0x0000000100000000)
  region size 1024K, 70 young (71680K), 2 survivors (2048K)
 Metaspace       used 43488K, committed 43840K, reserved 1114112K
  class space    used 4877K, committed 5056K, reserved 1048576K
}
Event: 2.304 GC heap after
{Heap after GC invocations=8 (full 0):
 garbage-first heap   total 164864K, used 89056K [0x0000000080000000, 0x0000000100000000)
  region size 1024K, 9 young (9216K), 9 survivors (9216K)
 Metaspace       used 43488K, committed 43840K, reserved 1114112K
  class space    used 4877K, committed 5056K, reserved 1048576K
}
Event: 2.447 GC heap before
{Heap before GC invocations=8 (full 0):
 garbage-first heap   total 164864K, used 121824K [0x0000000080000000, 0x0000000100000000)
  region size 1024K, 41 young (41984K), 9 survivors (9216K)
 Metaspace       used 43601K, committed 43904K, reserved 1114112K
  class space    used 4881K, committed 5056K, reserved 1048576K
}
Event: 2.475 GC heap after
{Heap after GC invocations=9 (full 0):
 garbage-first heap   total 381952K, used 104448K [0x0000000080000000, 0x0000000100000000)
  region size 1024K, 6 young (6144K), 6 survivors (6144K)
 Metaspace       used 43601K, committed 43904K, reserved 1114112K
  class space    used 4881K, committed 5056K, reserved 1048576K
}
Event: 2.979 GC heap before
{Heap before GC invocations=10 (full 0):
 garbage-first heap   total 358400K, used 192512K [0x0000000080000000, 0x0000000100000000)
  region size 1024K, 92 young (94208K), 6 survivors (6144K)
 Metaspace       used 43960K, committed 44288K, reserved 1114112K
  class space    used 4916K, committed 5056K, reserved 1048576K
}
Event: 3.008 GC heap after
{Heap after GC invocations=11 (full 0):
 garbage-first heap   total 358400K, used 145278K [0x0000000080000000, 0x0000000100000000)
  region size 1024K, 12 young (12288K), 12 survivors (12288K)
 Metaspace       used 43960K, committed 44288K, reserved 1114112K
  class space    used 4916K, committed 5056K, reserved 1048576K
}
Event: 3.218 GC heap before
{Heap before GC invocations=11 (full 0):
 garbage-first heap   total 358400K, used 224126K [0x0000000080000000, 0x0000000100000000)
  region size 1024K, 90 young (92160K), 12 survivors (12288K)
 Metaspace       used 44029K, committed 44352K, reserved 1114112K
  class space    used 4918K, committed 5056K, reserved 1048576K
}
Event: 3.249 GC heap after
{Heap after GC invocations=12 (full 0):
 garbage-first heap   total 358400K, used 182784K [0x0000000080000000, 0x0000000100000000)
  region size 1024K, 12 young (12288K), 12 survivors (12288K)
 Metaspace       used 44029K, committed 44352K, reserved 1114112K
  class space    used 4918K, committed 5056K, reserved 1048576K
}
Event: 3.362 GC heap before
{Heap before GC invocations=12 (full 0):
 garbage-first heap   total 358400K, used 250368K [0x0000000080000000, 0x0000000100000000)
  region size 1024K, 78 young (79872K), 12 survivors (12288K)
 Metaspace       used 44031K, committed 44352K, reserved 1114112K
  class space    used 4918K, committed 5056K, reserved 1048576K
}
Event: 3.396 GC heap after
{Heap after GC invocations=13 (full 0):
 garbage-first heap   total 358400K, used 214016K [0x0000000080000000, 0x0000000100000000)
  region size 1024K, 10 young (10240K), 10 survivors (10240K)
 Metaspace       used 44031K, committed 44352K, reserved 1114112K
  class space    used 4918K, committed 5056K, reserved 1048576K
}
Event: 3.536 GC heap before
{Heap before GC invocations=14 (full 0):
 garbage-first heap   total 418816K, used 267264K [0x0000000080000000, 0x0000000100000000)
  region size 1024K, 62 young (63488K), 10 survivors (10240K)
 Metaspace       used 44037K, committed 44352K, reserved 1114112K
  class space    used 4918K, committed 5056K, reserved 1048576K
}
Event: 3.563 GC heap after
{Heap after GC invocations=15 (full 0):
 garbage-first heap   total 418816K, used 238592K [0x0000000080000000, 0x0000000100000000)
  region size 1024K, 8 young (8192K), 8 survivors (8192K)
 Metaspace       used 44037K, committed 44352K, reserved 1114112K
  class space    used 4918K, committed 5056K, reserved 1048576K
}
Event: 3.601 GC heap before
{Heap before GC invocations=15 (full 0):
 garbage-first heap   total 418816K, used 250880K [0x0000000080000000, 0x0000000100000000)
  region size 1024K, 20 young (20480K), 8 survivors (8192K)
 Metaspace       used 44037K, committed 44352K, reserved 1114112K
  class space    used 4918K, committed 5056K, reserved 1048576K
}
Event: 3.615 GC heap after
{Heap after GC invocations=16 (full 0):
 garbage-first heap   total 418816K, used 245760K [0x0000000080000000, 0x0000000100000000)
  region size 1024K, 3 young (3072K), 3 survivors (3072K)
 Metaspace       used 44037K, committed 44352K, reserved 1114112K
  class space    used 4918K, committed 5056K, reserved 1048576K
}
Event: 3.618 GC heap before
{Heap before GC invocations=16 (full 0):
 garbage-first heap   total 418816K, used 246784K [0x0000000080000000, 0x0000000100000000)
  region size 1024K, 5 young (5120K), 3 survivors (3072K)
 Metaspace       used 44037K, committed 44352K, reserved 1114112K
  class space    used 4918K, committed 5056K, reserved 1048576K
}

